build/app/intermediates/manifest_merge_blame_file/release/processReleaseMainManifest/manifest-merger-blame-release-report.txt
1<?xml version="1.0" encoding="utf-8"?>
2<manifest xmlns:android="http://schemas.android.com/apk/res/android"
3    package="com.vertex.delx"
4    android:versionCode="1"
5    android:versionName="1.0.0" >
6
7    <uses-sdk
8        android:minSdkVersion="21"
9        android:targetSdkVersion="34" />
10
11    <uses-permission android:name="android.permission.INTERNET" />
11-->src/main/AndroidManifest.xml:2:5-67
11-->src/main/AndroidManifest.xml:2:22-64
12    <uses-permission android:name="android.permission.ACCESS_NETWORK_STATE" />
12-->src/main/AndroidManifest.xml:3:5-79
12-->src/main/AndroidManifest.xml:3:22-76
13
14    <queries>
14-->src/main/AndroidManifest.xml:33:5-38:15
15        <intent>
15-->src/main/AndroidManifest.xml:34:9-37:18
16            <action android:name="android.intent.action.PROCESS_TEXT" />
16-->src/main/AndroidManifest.xml:35:13-72
16-->src/main/AndroidManifest.xml:35:21-70
17
18            <data android:mimeType="text/plain" />
18-->src/main/AndroidManifest.xml:36:13-50
18-->src/main/AndroidManifest.xml:36:19-48
19        </intent>
20        <intent>
20-->[:flutter_inappwebview_android] AndroidManifest.xml:8:9-10:18
21            <action android:name="android.support.customtabs.action.CustomTabsService" />
21-->[:flutter_inappwebview_android] AndroidManifest.xml:9:13-90
21-->[:flutter_inappwebview_android] AndroidManifest.xml:9:21-87
22        </intent>
23    </queries>
24
25    <uses-permission android:name="android.permission.WAKE_LOCK" /> <!-- Permissions options for the `notification` group -->
25-->[:firebase_messaging] AndroidManifest.xml:8:5-68
25-->[:firebase_messaging] AndroidManifest.xml:8:22-65
26    <uses-permission android:name="android.permission.POST_NOTIFICATIONS" />
26-->[:firebase_messaging] AndroidManifest.xml:11:5-77
26-->[:firebase_messaging] AndroidManifest.xml:11:22-74
27    <uses-permission android:name="android.permission.VIBRATE" /> <!-- Required by older versions of Google Play services to create IID tokens -->
27-->[:flutter_local_notifications] AndroidManifest.xml:7:5-66
27-->[:flutter_local_notifications] AndroidManifest.xml:7:22-63
28    <uses-permission android:name="com.google.android.c2dm.permission.RECEIVE" />
28-->[com.google.firebase:firebase-iid:21.1.0] AndroidManifest.xml:26:5-82
28-->[com.google.firebase:firebase-iid:21.1.0] AndroidManifest.xml:26:22-79
29
30    <permission
30-->[androidx.core:core:1.13.1] AndroidManifest.xml:22:5-24:47
31        android:name="com.vertex.delx.DYNAMIC_RECEIVER_NOT_EXPORTED_PERMISSION"
31-->[androidx.core:core:1.13.1] AndroidManifest.xml:23:9-81
32        android:protectionLevel="signature" />
32-->[androidx.core:core:1.13.1] AndroidManifest.xml:24:9-44
33
34    <uses-permission android:name="com.vertex.delx.DYNAMIC_RECEIVER_NOT_EXPORTED_PERMISSION" />
34-->[androidx.core:core:1.13.1] AndroidManifest.xml:26:5-97
34-->[androidx.core:core:1.13.1] AndroidManifest.xml:26:22-94
35
36    <application
37        android:name="android.app.Application"
37-->src/main/AndroidManifest.xml:7:9-42
38        android:appComponentFactory="androidx.core.app.CoreComponentFactory"
38-->[androidx.core:core:1.13.1] AndroidManifest.xml:28:18-86
39        android:extractNativeLibs="true"
40        android:icon="@mipmap/ic_launcher"
40-->src/main/AndroidManifest.xml:8:9-43
41        android:label="Delx"
41-->src/main/AndroidManifest.xml:6:9-29
42        android:usesCleartextTraffic="true" >
42-->src/main/AndroidManifest.xml:9:9-44
43        <activity
43-->src/main/AndroidManifest.xml:10:9-27:20
44            android:name="com.vertex.delx.MainActivity"
44-->src/main/AndroidManifest.xml:11:13-56
45            android:configChanges="orientation|keyboardHidden|keyboard|screenSize|smallestScreenSize|locale|layoutDirection|fontScale|screenLayout|density|uiMode"
45-->src/main/AndroidManifest.xml:16:13-163
46            android:exported="true"
46-->src/main/AndroidManifest.xml:12:13-36
47            android:hardwareAccelerated="true"
47-->src/main/AndroidManifest.xml:17:13-47
48            android:launchMode="singleTop"
48-->src/main/AndroidManifest.xml:13:13-43
49            android:taskAffinity=""
49-->src/main/AndroidManifest.xml:14:13-36
50            android:theme="@style/LaunchTheme"
50-->src/main/AndroidManifest.xml:15:13-47
51            android:windowSoftInputMode="adjustResize" >
51-->src/main/AndroidManifest.xml:18:13-55
52            <meta-data
52-->src/main/AndroidManifest.xml:19:13-22:17
53                android:name="io.flutter.embedding.android.NormalTheme"
53-->src/main/AndroidManifest.xml:20:15-70
54                android:resource="@style/NormalTheme" />
54-->src/main/AndroidManifest.xml:21:15-52
55
56            <intent-filter>
56-->src/main/AndroidManifest.xml:23:13-26:29
57                <action android:name="android.intent.action.MAIN" />
57-->src/main/AndroidManifest.xml:24:17-68
57-->src/main/AndroidManifest.xml:24:25-66
58
59                <category android:name="android.intent.category.LAUNCHER" />
59-->src/main/AndroidManifest.xml:25:17-76
59-->src/main/AndroidManifest.xml:25:27-74
60            </intent-filter>
61        </activity>
62
63        <meta-data
63-->src/main/AndroidManifest.xml:28:9-30:33
64            android:name="flutterEmbedding"
64-->src/main/AndroidManifest.xml:29:13-44
65            android:value="2" />
65-->src/main/AndroidManifest.xml:30:13-30
66
67        <service
67-->[:firebase_messaging] AndroidManifest.xml:14:9-17:72
68            android:name="io.flutter.plugins.firebase.messaging.FlutterFirebaseMessagingBackgroundService"
68-->[:firebase_messaging] AndroidManifest.xml:15:13-107
69            android:exported="false"
69-->[:firebase_messaging] AndroidManifest.xml:16:13-37
70            android:permission="android.permission.BIND_JOB_SERVICE" />
70-->[:firebase_messaging] AndroidManifest.xml:17:13-69
71        <service
71-->[:firebase_messaging] AndroidManifest.xml:18:9-24:19
72            android:name="io.flutter.plugins.firebase.messaging.FlutterFirebaseMessagingService"
72-->[:firebase_messaging] AndroidManifest.xml:19:13-97
73            android:exported="false" >
73-->[:firebase_messaging] AndroidManifest.xml:20:13-37
74            <intent-filter>
74-->[:firebase_messaging] AndroidManifest.xml:21:13-23:29
75                <action android:name="com.google.firebase.MESSAGING_EVENT" />
75-->[:firebase_messaging] AndroidManifest.xml:22:17-78
75-->[:firebase_messaging] AndroidManifest.xml:22:25-75
76            </intent-filter>
77        </service>
78
79        <receiver
79-->[:firebase_messaging] AndroidManifest.xml:26:9-33:20
80            android:name="io.flutter.plugins.firebase.messaging.FlutterFirebaseMessagingReceiver"
80-->[:firebase_messaging] AndroidManifest.xml:27:13-98
81            android:exported="true"
81-->[:firebase_messaging] AndroidManifest.xml:28:13-36
82            android:permission="com.google.android.c2dm.permission.SEND" >
82-->[:firebase_messaging] AndroidManifest.xml:29:13-73
83            <intent-filter>
83-->[:firebase_messaging] AndroidManifest.xml:30:13-32:29
84                <action android:name="com.google.android.c2dm.intent.RECEIVE" />
84-->[:firebase_messaging] AndroidManifest.xml:31:17-81
84-->[:firebase_messaging] AndroidManifest.xml:31:25-78
85            </intent-filter>
86        </receiver>
87
88        <service
88-->[:firebase_messaging] AndroidManifest.xml:35:9-39:19
89            android:name="com.google.firebase.components.ComponentDiscoveryService"
89-->[:firebase_messaging] AndroidManifest.xml:35:18-89
90            android:directBootAware="true"
90-->[com.google.firebase:firebase-common:20.4.2] AndroidManifest.xml:32:13-43
91            android:exported="false" >
91-->[com.google.firebase:firebase-iid:21.1.0] AndroidManifest.xml:31:13-37
92            <meta-data
92-->[:firebase_messaging] AndroidManifest.xml:36:13-38:85
93                android:name="com.google.firebase.components:io.flutter.plugins.firebase.messaging.FlutterFirebaseAppRegistrar"
93-->[:firebase_messaging] AndroidManifest.xml:37:17-128
94                android:value="com.google.firebase.components.ComponentRegistrar" />
94-->[:firebase_messaging] AndroidManifest.xml:38:17-82
95            <meta-data
95-->[:firebase_core] AndroidManifest.xml:9:13-11:85
96                android:name="com.google.firebase.components:io.flutter.plugins.firebase.core.FlutterFirebaseCoreRegistrar"
96-->[:firebase_core] AndroidManifest.xml:10:17-124
97                android:value="com.google.firebase.components.ComponentRegistrar" />
97-->[:firebase_core] AndroidManifest.xml:11:17-82
98            <meta-data
98-->[com.google.firebase:firebase-iid:21.1.0] AndroidManifest.xml:32:13-34:85
99                android:name="com.google.firebase.components:com.google.firebase.iid.Registrar"
99-->[com.google.firebase:firebase-iid:21.1.0] AndroidManifest.xml:33:17-96
100                android:value="com.google.firebase.components.ComponentRegistrar" />
100-->[com.google.firebase:firebase-iid:21.1.0] AndroidManifest.xml:34:17-82
101            <meta-data
101-->[com.google.firebase:firebase-messaging:23.3.1] AndroidManifest.xml:57:13-59:85
102                android:name="com.google.firebase.components:com.google.firebase.messaging.FirebaseMessagingKtxRegistrar"
102-->[com.google.firebase:firebase-messaging:23.3.1] AndroidManifest.xml:58:17-122
103                android:value="com.google.firebase.components.ComponentRegistrar" />
103-->[com.google.firebase:firebase-messaging:23.3.1] AndroidManifest.xml:59:17-82
104            <meta-data
104-->[com.google.firebase:firebase-messaging:23.3.1] AndroidManifest.xml:60:13-62:85
105                android:name="com.google.firebase.components:com.google.firebase.messaging.FirebaseMessagingRegistrar"
105-->[com.google.firebase:firebase-messaging:23.3.1] AndroidManifest.xml:61:17-119
106                android:value="com.google.firebase.components.ComponentRegistrar" />
106-->[com.google.firebase:firebase-messaging:23.3.1] AndroidManifest.xml:62:17-82
107            <meta-data
107-->[com.google.firebase:firebase-installations:17.2.0] AndroidManifest.xml:15:13-17:85
108                android:name="com.google.firebase.components:com.google.firebase.installations.FirebaseInstallationsKtxRegistrar"
108-->[com.google.firebase:firebase-installations:17.2.0] AndroidManifest.xml:16:17-130
109                android:value="com.google.firebase.components.ComponentRegistrar" />
109-->[com.google.firebase:firebase-installations:17.2.0] AndroidManifest.xml:17:17-82
110            <meta-data
110-->[com.google.firebase:firebase-installations:17.2.0] AndroidManifest.xml:18:13-20:85
111                android:name="com.google.firebase.components:com.google.firebase.installations.FirebaseInstallationsRegistrar"
111-->[com.google.firebase:firebase-installations:17.2.0] AndroidManifest.xml:19:17-127
112                android:value="com.google.firebase.components.ComponentRegistrar" />
112-->[com.google.firebase:firebase-installations:17.2.0] AndroidManifest.xml:20:17-82
113            <meta-data
113-->[com.google.firebase:firebase-common-ktx:20.4.2] AndroidManifest.xml:12:13-14:85
114                android:name="com.google.firebase.components:com.google.firebase.ktx.FirebaseCommonLegacyRegistrar"
114-->[com.google.firebase:firebase-common-ktx:20.4.2] AndroidManifest.xml:13:17-116
115                android:value="com.google.firebase.components.ComponentRegistrar" />
115-->[com.google.firebase:firebase-common-ktx:20.4.2] AndroidManifest.xml:14:17-82
116            <meta-data
116-->[com.google.firebase:firebase-common:20.4.2] AndroidManifest.xml:35:13-37:85
117                android:name="com.google.firebase.components:com.google.firebase.FirebaseCommonKtxRegistrar"
117-->[com.google.firebase:firebase-common:20.4.2] AndroidManifest.xml:36:17-109
118                android:value="com.google.firebase.components.ComponentRegistrar" />
118-->[com.google.firebase:firebase-common:20.4.2] AndroidManifest.xml:37:17-82
119            <meta-data
119-->[com.google.firebase:firebase-datatransport:18.1.7] AndroidManifest.xml:27:13-29:85
120                android:name="com.google.firebase.components:com.google.firebase.datatransport.TransportRegistrar"
120-->[com.google.firebase:firebase-datatransport:18.1.7] AndroidManifest.xml:28:17-115
121                android:value="com.google.firebase.components.ComponentRegistrar" />
121-->[com.google.firebase:firebase-datatransport:18.1.7] AndroidManifest.xml:29:17-82
122        </service>
123
124        <provider
124-->[:firebase_messaging] AndroidManifest.xml:41:9-45:38
125            android:name="io.flutter.plugins.firebase.messaging.FlutterFirebaseMessagingInitProvider"
125-->[:firebase_messaging] AndroidManifest.xml:42:13-102
126            android:authorities="com.vertex.delx.flutterfirebasemessaginginitprovider"
126-->[:firebase_messaging] AndroidManifest.xml:43:13-88
127            android:exported="false"
127-->[:firebase_messaging] AndroidManifest.xml:44:13-37
128            android:initOrder="99" />
128-->[:firebase_messaging] AndroidManifest.xml:45:13-35
129
130        <activity
130-->[:flutter_inappwebview_android] AndroidManifest.xml:14:9-18:47
131            android:name="com.pichillilorenzo.flutter_inappwebview_android.in_app_browser.InAppBrowserActivity"
131-->[:flutter_inappwebview_android] AndroidManifest.xml:15:13-112
132            android:configChanges="orientation|keyboardHidden|keyboard|screenSize|locale|layoutDirection|fontScale|screenLayout|density"
132-->[:flutter_inappwebview_android] AndroidManifest.xml:16:13-137
133            android:exported="false"
133-->[:flutter_inappwebview_android] AndroidManifest.xml:17:13-37
134            android:theme="@style/AppTheme" />
134-->[:flutter_inappwebview_android] AndroidManifest.xml:18:13-44
135        <activity
135-->[:flutter_inappwebview_android] AndroidManifest.xml:19:9-22:55
136            android:name="com.pichillilorenzo.flutter_inappwebview_android.chrome_custom_tabs.ChromeCustomTabsActivity"
136-->[:flutter_inappwebview_android] AndroidManifest.xml:20:13-120
137            android:exported="false"
137-->[:flutter_inappwebview_android] AndroidManifest.xml:21:13-37
138            android:theme="@style/ThemeTransparent" />
138-->[:flutter_inappwebview_android] AndroidManifest.xml:22:13-52
139        <activity
139-->[:flutter_inappwebview_android] AndroidManifest.xml:23:9-26:55
140            android:name="com.pichillilorenzo.flutter_inappwebview_android.chrome_custom_tabs.TrustedWebActivity"
140-->[:flutter_inappwebview_android] AndroidManifest.xml:24:13-114
141            android:exported="false"
141-->[:flutter_inappwebview_android] AndroidManifest.xml:25:13-37
142            android:theme="@style/ThemeTransparent" />
142-->[:flutter_inappwebview_android] AndroidManifest.xml:26:13-52
143        <activity
143-->[:flutter_inappwebview_android] AndroidManifest.xml:27:9-31:55
144            android:name="com.pichillilorenzo.flutter_inappwebview_android.chrome_custom_tabs.ChromeCustomTabsActivitySingleInstance"
144-->[:flutter_inappwebview_android] AndroidManifest.xml:28:13-134
145            android:exported="false"
145-->[:flutter_inappwebview_android] AndroidManifest.xml:29:13-37
146            android:launchMode="singleInstance"
146-->[:flutter_inappwebview_android] AndroidManifest.xml:30:13-48
147            android:theme="@style/ThemeTransparent" />
147-->[:flutter_inappwebview_android] AndroidManifest.xml:31:13-52
148        <activity
148-->[:flutter_inappwebview_android] AndroidManifest.xml:32:9-36:55
149            android:name="com.pichillilorenzo.flutter_inappwebview_android.chrome_custom_tabs.TrustedWebActivitySingleInstance"
149-->[:flutter_inappwebview_android] AndroidManifest.xml:33:13-128
150            android:exported="false"
150-->[:flutter_inappwebview_android] AndroidManifest.xml:34:13-37
151            android:launchMode="singleInstance"
151-->[:flutter_inappwebview_android] AndroidManifest.xml:35:13-48
152            android:theme="@style/ThemeTransparent" />
152-->[:flutter_inappwebview_android] AndroidManifest.xml:36:13-52
153
154        <receiver
154-->[:flutter_inappwebview_android] AndroidManifest.xml:38:9-41:40
155            android:name="com.pichillilorenzo.flutter_inappwebview_android.chrome_custom_tabs.ActionBroadcastReceiver"
155-->[:flutter_inappwebview_android] AndroidManifest.xml:39:13-119
156            android:enabled="true"
156-->[:flutter_inappwebview_android] AndroidManifest.xml:40:13-35
157            android:exported="false" />
157-->[:flutter_inappwebview_android] AndroidManifest.xml:41:13-37
158
159        <meta-data
159-->[:flutter_inappwebview_android] AndroidManifest.xml:43:9-45:36
160            android:name="io.flutter.embedded_views_preview"
160-->[:flutter_inappwebview_android] AndroidManifest.xml:44:13-61
161            android:value="true" />
161-->[:flutter_inappwebview_android] AndroidManifest.xml:45:13-33
162
163        <activity
163-->[:url_launcher_android] AndroidManifest.xml:8:9-11:74
164            android:name="io.flutter.plugins.urllauncher.WebViewActivity"
164-->[:url_launcher_android] AndroidManifest.xml:9:13-74
165            android:exported="false"
165-->[:url_launcher_android] AndroidManifest.xml:10:13-37
166            android:theme="@android:style/Theme.NoTitleBar.Fullscreen" />
166-->[:url_launcher_android] AndroidManifest.xml:11:13-71
167
168        <uses-library
168-->[androidx.window:window:1.2.0] AndroidManifest.xml:23:9-25:40
169            android:name="androidx.window.extensions"
169-->[androidx.window:window:1.2.0] AndroidManifest.xml:24:13-54
170            android:required="false" />
170-->[androidx.window:window:1.2.0] AndroidManifest.xml:25:13-37
171        <uses-library
171-->[androidx.window:window:1.2.0] AndroidManifest.xml:26:9-28:40
172            android:name="androidx.window.sidecar"
172-->[androidx.window:window:1.2.0] AndroidManifest.xml:27:13-51
173            android:required="false" />
173-->[androidx.window:window:1.2.0] AndroidManifest.xml:28:13-37
174
175        <receiver
175-->[com.google.firebase:firebase-messaging:23.3.1] AndroidManifest.xml:29:9-40:20
176            android:name="com.google.firebase.iid.FirebaseInstanceIdReceiver"
176-->[com.google.firebase:firebase-messaging:23.3.1] AndroidManifest.xml:30:13-78
177            android:exported="true"
177-->[com.google.firebase:firebase-messaging:23.3.1] AndroidManifest.xml:31:13-36
178            android:permission="com.google.android.c2dm.permission.SEND" >
178-->[com.google.firebase:firebase-messaging:23.3.1] AndroidManifest.xml:32:13-73
179            <intent-filter>
179-->[:firebase_messaging] AndroidManifest.xml:30:13-32:29
180                <action android:name="com.google.android.c2dm.intent.RECEIVE" />
180-->[:firebase_messaging] AndroidManifest.xml:31:17-81
180-->[:firebase_messaging] AndroidManifest.xml:31:25-78
181            </intent-filter>
182
183            <meta-data
183-->[com.google.firebase:firebase-messaging:23.3.1] AndroidManifest.xml:37:13-39:40
184                android:name="com.google.android.gms.cloudmessaging.FINISHED_AFTER_HANDLED"
184-->[com.google.firebase:firebase-messaging:23.3.1] AndroidManifest.xml:38:17-92
185                android:value="true" />
185-->[com.google.firebase:firebase-messaging:23.3.1] AndroidManifest.xml:39:17-37
186        </receiver>
187        <!--
188             FirebaseMessagingService performs security checks at runtime,
189             but set to not exported to explicitly avoid allowing another app to call it.
190        -->
191        <service
191-->[com.google.firebase:firebase-messaging:23.3.1] AndroidManifest.xml:46:9-53:19
192            android:name="com.google.firebase.messaging.FirebaseMessagingService"
192-->[com.google.firebase:firebase-messaging:23.3.1] AndroidManifest.xml:47:13-82
193            android:directBootAware="true"
193-->[com.google.firebase:firebase-messaging:23.3.1] AndroidManifest.xml:48:13-43
194            android:exported="false" >
194-->[com.google.firebase:firebase-messaging:23.3.1] AndroidManifest.xml:49:13-37
195            <intent-filter android:priority="-500" >
195-->[:firebase_messaging] AndroidManifest.xml:21:13-23:29
196                <action android:name="com.google.firebase.MESSAGING_EVENT" />
196-->[:firebase_messaging] AndroidManifest.xml:22:17-78
196-->[:firebase_messaging] AndroidManifest.xml:22:25-75
197            </intent-filter>
198        </service>
199
200        <provider
200-->[androidx.emoji2:emoji2:1.2.0] AndroidManifest.xml:24:9-32:20
201            android:name="androidx.startup.InitializationProvider"
201-->[androidx.emoji2:emoji2:1.2.0] AndroidManifest.xml:25:13-67
202            android:authorities="com.vertex.delx.androidx-startup"
202-->[androidx.emoji2:emoji2:1.2.0] AndroidManifest.xml:26:13-68
203            android:exported="false" >
203-->[androidx.emoji2:emoji2:1.2.0] AndroidManifest.xml:27:13-37
204            <meta-data
204-->[androidx.emoji2:emoji2:1.2.0] AndroidManifest.xml:29:13-31:52
205                android:name="androidx.emoji2.text.EmojiCompatInitializer"
205-->[androidx.emoji2:emoji2:1.2.0] AndroidManifest.xml:30:17-75
206                android:value="androidx.startup" />
206-->[androidx.emoji2:emoji2:1.2.0] AndroidManifest.xml:31:17-49
207            <meta-data
207-->[androidx.lifecycle:lifecycle-process:2.7.0] AndroidManifest.xml:29:13-31:52
208                android:name="androidx.lifecycle.ProcessLifecycleInitializer"
208-->[androidx.lifecycle:lifecycle-process:2.7.0] AndroidManifest.xml:30:17-78
209                android:value="androidx.startup" />
209-->[androidx.lifecycle:lifecycle-process:2.7.0] AndroidManifest.xml:31:17-49
210            <meta-data
210-->[androidx.profileinstaller:profileinstaller:1.3.1] AndroidManifest.xml:29:13-31:52
211                android:name="androidx.profileinstaller.ProfileInstallerInitializer"
211-->[androidx.profileinstaller:profileinstaller:1.3.1] AndroidManifest.xml:30:17-85
212                android:value="androidx.startup" />
212-->[androidx.profileinstaller:profileinstaller:1.3.1] AndroidManifest.xml:31:17-49
213        </provider>
214        <provider
214-->[com.google.firebase:firebase-common:20.4.2] AndroidManifest.xml:23:9-28:39
215            android:name="com.google.firebase.provider.FirebaseInitProvider"
215-->[com.google.firebase:firebase-common:20.4.2] AndroidManifest.xml:24:13-77
216            android:authorities="com.vertex.delx.firebaseinitprovider"
216-->[com.google.firebase:firebase-common:20.4.2] AndroidManifest.xml:25:13-72
217            android:directBootAware="true"
217-->[com.google.firebase:firebase-common:20.4.2] AndroidManifest.xml:26:13-43
218            android:exported="false"
218-->[com.google.firebase:firebase-common:20.4.2] AndroidManifest.xml:27:13-37
219            android:initOrder="100" />
219-->[com.google.firebase:firebase-common:20.4.2] AndroidManifest.xml:28:13-36
220
221        <activity
221-->[com.google.android.gms:play-services-base:18.0.1] AndroidManifest.xml:20:9-22:45
222            android:name="com.google.android.gms.common.api.GoogleApiActivity"
222-->[com.google.android.gms:play-services-base:18.0.1] AndroidManifest.xml:20:19-85
223            android:exported="false"
223-->[com.google.android.gms:play-services-base:18.0.1] AndroidManifest.xml:22:19-43
224            android:theme="@android:style/Theme.Translucent.NoTitleBar" />
224-->[com.google.android.gms:play-services-base:18.0.1] AndroidManifest.xml:21:19-78
225
226        <meta-data
226-->[com.google.android.gms:play-services-basement:18.1.0] AndroidManifest.xml:21:9-23:69
227            android:name="com.google.android.gms.version"
227-->[com.google.android.gms:play-services-basement:18.1.0] AndroidManifest.xml:22:13-58
228            android:value="@integer/google_play_services_version" />
228-->[com.google.android.gms:play-services-basement:18.1.0] AndroidManifest.xml:23:13-66
229
230        <receiver
230-->[androidx.profileinstaller:profileinstaller:1.3.1] AndroidManifest.xml:34:9-52:20
231            android:name="androidx.profileinstaller.ProfileInstallReceiver"
231-->[androidx.profileinstaller:profileinstaller:1.3.1] AndroidManifest.xml:35:13-76
232            android:directBootAware="false"
232-->[androidx.profileinstaller:profileinstaller:1.3.1] AndroidManifest.xml:36:13-44
233            android:enabled="true"
233-->[androidx.profileinstaller:profileinstaller:1.3.1] AndroidManifest.xml:37:13-35
234            android:exported="true"
234-->[androidx.profileinstaller:profileinstaller:1.3.1] AndroidManifest.xml:38:13-36
235            android:permission="android.permission.DUMP" >
235-->[androidx.profileinstaller:profileinstaller:1.3.1] AndroidManifest.xml:39:13-57
236            <intent-filter>
236-->[androidx.profileinstaller:profileinstaller:1.3.1] AndroidManifest.xml:40:13-42:29
237                <action android:name="androidx.profileinstaller.action.INSTALL_PROFILE" />
237-->[androidx.profileinstaller:profileinstaller:1.3.1] AndroidManifest.xml:41:17-91
237-->[androidx.profileinstaller:profileinstaller:1.3.1] AndroidManifest.xml:41:25-88
238            </intent-filter>
239            <intent-filter>
239-->[androidx.profileinstaller:profileinstaller:1.3.1] AndroidManifest.xml:43:13-45:29
240                <action android:name="androidx.profileinstaller.action.SKIP_FILE" />
240-->[androidx.profileinstaller:profileinstaller:1.3.1] AndroidManifest.xml:44:17-85
240-->[androidx.profileinstaller:profileinstaller:1.3.1] AndroidManifest.xml:44:25-82
241            </intent-filter>
242            <intent-filter>
242-->[androidx.profileinstaller:profileinstaller:1.3.1] AndroidManifest.xml:46:13-48:29
243                <action android:name="androidx.profileinstaller.action.SAVE_PROFILE" />
243-->[androidx.profileinstaller:profileinstaller:1.3.1] AndroidManifest.xml:47:17-88
243-->[androidx.profileinstaller:profileinstaller:1.3.1] AndroidManifest.xml:47:25-85
244            </intent-filter>
245            <intent-filter>
245-->[androidx.profileinstaller:profileinstaller:1.3.1] AndroidManifest.xml:49:13-51:29
246                <action android:name="androidx.profileinstaller.action.BENCHMARK_OPERATION" />
246-->[androidx.profileinstaller:profileinstaller:1.3.1] AndroidManifest.xml:50:17-95
246-->[androidx.profileinstaller:profileinstaller:1.3.1] AndroidManifest.xml:50:25-92
247            </intent-filter>
248        </receiver>
249
250        <service
250-->[com.google.android.datatransport:transport-backend-cct:3.1.8] AndroidManifest.xml:28:9-34:19
251            android:name="com.google.android.datatransport.runtime.backends.TransportBackendDiscovery"
251-->[com.google.android.datatransport:transport-backend-cct:3.1.8] AndroidManifest.xml:29:13-103
252            android:exported="false" >
252-->[com.google.android.datatransport:transport-backend-cct:3.1.8] AndroidManifest.xml:30:13-37
253            <meta-data
253-->[com.google.android.datatransport:transport-backend-cct:3.1.8] AndroidManifest.xml:31:13-33:39
254                android:name="backend:com.google.android.datatransport.cct.CctBackendFactory"
254-->[com.google.android.datatransport:transport-backend-cct:3.1.8] AndroidManifest.xml:32:17-94
255                android:value="cct" />
255-->[com.google.android.datatransport:transport-backend-cct:3.1.8] AndroidManifest.xml:33:17-36
256        </service>
257        <service
257-->[com.google.android.datatransport:transport-runtime:3.1.8] AndroidManifest.xml:26:9-30:19
258            android:name="com.google.android.datatransport.runtime.scheduling.jobscheduling.JobInfoSchedulerService"
258-->[com.google.android.datatransport:transport-runtime:3.1.8] AndroidManifest.xml:27:13-117
259            android:exported="false"
259-->[com.google.android.datatransport:transport-runtime:3.1.8] AndroidManifest.xml:28:13-37
260            android:permission="android.permission.BIND_JOB_SERVICE" >
260-->[com.google.android.datatransport:transport-runtime:3.1.8] AndroidManifest.xml:29:13-69
261        </service>
262
263        <receiver
263-->[com.google.android.datatransport:transport-runtime:3.1.8] AndroidManifest.xml:32:9-34:40
264            android:name="com.google.android.datatransport.runtime.scheduling.jobscheduling.AlarmManagerSchedulerBroadcastReceiver"
264-->[com.google.android.datatransport:transport-runtime:3.1.8] AndroidManifest.xml:33:13-132
265            android:exported="false" />
265-->[com.google.android.datatransport:transport-runtime:3.1.8] AndroidManifest.xml:34:13-37
266    </application>
267
268</manifest>